<?xml version="1.0" encoding="UTF-8"?>
<!-- Generated by org.testng.reporters.JUnitReportReporter -->
<testsuite skipped="0" hostname="TYSS-MF-036" name="com.techm.newagedelivery.ui.tests.TestRun" tests="1" failures="0" timestamp="19 Dec 2017 09:57:34 GMT" time="94.325" errors="0">
  <testcase name="feature" time="94.325" classname="com.techm.newagedelivery.ui.tests.TestRun"/>
</testsuite> <!-- com.techm.newagedelivery.ui.tests.TestRun -->
