<?xml version="1.0" encoding="UTF-8"?>
<!-- Generated by org.testng.reporters.JUnitReportReporter -->
<testsuite skipped="5" hostname="TYSS-MF-033" name="com.techmahindra.nad.api.tests.APITestSuite" tests="6" failures="0" timestamp="28 Dec 2017 04:57:00 GMT" time="3.178" errors="0">
  <testcase name="createIssue" time="3.178" classname="com.techmahindra.nad.api.tests.APITestSuite"/>
  <testcase name="listBranch" classname="com.techmahindra.nad.api.tests.APITestSuite">
    <skipped/>
  </testcase> <!-- listBranch -->
  <testcase name="getProjectInfo" classname="com.techmahindra.nad.api.tests.APITestSuite">
    <skipped/>
  </testcase> <!-- getProjectInfo -->
  <testcase name="changeIssueStatus" classname="com.techmahindra.nad.api.tests.APITestSuite">
    <skipped/>
  </testcase> <!-- changeIssueStatus -->
  <testcase name="createSubTask" classname="com.techmahindra.nad.api.tests.APITestSuite">
    <skipped/>
  </testcase> <!-- createSubTask -->
  <testcase name="getJenkinsJobHistory" classname="com.techmahindra.nad.api.tests.APITestSuite">
    <skipped/>
  </testcase> <!-- getJenkinsJobHistory -->
</testsuite> <!-- com.techmahindra.nad.api.tests.APITestSuite -->
