<?xml version="1.0" encoding="UTF-8"?>
<!-- Generated by org.testng.reporters.JUnitReportReporter -->
<testsuite skipped="7" hostname="TYSS-MF-033" name="com.techmahindra.nad.api.tests.JiraAPITestSuite" tests="8" failures="0" timestamp="29 Dec 2017 09:11:34 GMT" time="2.250" errors="0">
  <testcase name="createSubTask" time="2.250" classname="com.techmahindra.nad.api.tests.JiraAPITestSuite"/>
  <testcase name="getAllIssueTypes" classname="com.techmahindra.nad.api.tests.JiraAPITestSuite">
    <skipped/>
  </testcase> <!-- getAllIssueTypes -->
  <testcase name="getAllProjectBoards" classname="com.techmahindra.nad.api.tests.JiraAPITestSuite">
    <skipped/>
  </testcase> <!-- getAllProjectBoards -->
  <testcase name="changeIssueStatus" classname="com.techmahindra.nad.api.tests.JiraAPITestSuite">
    <skipped/>
  </testcase> <!-- changeIssueStatus -->
  <testcase name="createIssue" classname="com.techmahindra.nad.api.tests.JiraAPITestSuite">
    <skipped/>
  </testcase> <!-- createIssue -->
  <testcase name="validateConfig" classname="com.techmahindra.nad.api.tests.JiraAPITestSuite">
    <skipped/>
  </testcase> <!-- validateConfig -->
  <testcase name="getAllProjectList" classname="com.techmahindra.nad.api.tests.JiraAPITestSuite">
    <skipped/>
  </testcase> <!-- getAllProjectList -->
  <testcase name="createNewProject" classname="com.techmahindra.nad.api.tests.JiraAPITestSuite">
    <skipped/>
  </testcase> <!-- createNewProject -->
</testsuite> <!-- com.techmahindra.nad.api.tests.JiraAPITestSuite -->
