<?xml version="1.0" encoding="UTF-8"?>
<!-- Generated by org.testng.reporters.JUnitReportReporter -->
<testsuite skipped="0" hostname="TYSS-MF-034" name="com.techmahindra.nad.sync_project.Sample" tests="1" failures="0" timestamp="29 Dec 2017 09:53:18 GMT" time="1.309" errors="0">
  <testcase name="main" time="1.309" classname="com.techmahindra.nad.sync_project.Sample"/>
</testsuite> <!-- com.techmahindra.nad.sync_project.Sample -->
