<?xml version="1.0" encoding="UTF-8"?>
<!-- Generated by org.testng.reporters.JUnitReportReporter -->
<testsuite skipped="0" hostname="TYSS-MF-034" name="com.techmahindra.nad.api.tests.GitLabAPITestSuite" tests="2" failures="0" timestamp="29 Dec 2017 09:40:39 GMT" time="11.930" errors="0">
  <testcase name="listAllMembersOfProjects" time="0.216" classname="com.techmahindra.nad.api.tests.GitLabAPITestSuite"/>
  <testcase name="listAllProjects" time="11.714" classname="com.techmahindra.nad.api.tests.GitLabAPITestSuite"/>
</testsuite> <!-- com.techmahindra.nad.api.tests.GitLabAPITestSuite -->
