<?xml version="1.0" encoding="UTF-8"?>
<!-- Generated by org.testng.reporters.JUnitReportReporter -->
<testsuite skipped="0" hostname="TYSS-MF-034" name="com.techmahindra.nad.api.tests.Sample" tests="1" failures="0" timestamp="02 Jan 2018 12:44:27 GMT" time="0.591" errors="0">
  <testcase name="sampleTest" time="0.591" classname="com.techmahindra.nad.api.tests.Sample"/>
</testsuite> <!-- com.techmahindra.nad.api.tests.Sample -->
