<?xml version="1.0" encoding="UTF-8"?>
<!-- Generated by org.testng.reporters.JUnitReportReporter -->
<testsuite skipped="0" hostname="TYSS-MF-033" name="com.techmahindra.nad.update_issue_req.UpdateIssue_Marshaling" tests="1" failures="0" timestamp="29 Dec 2017 14:44:17 GMT" time="0.205" errors="0">
  <testcase name="test" time="0.205" classname="com.techmahindra.nad.update_issue_req.UpdateIssue_Marshaling"/>
</testsuite> <!-- com.techmahindra.nad.update_issue_req.UpdateIssue_Marshaling -->
