<?xml version="1.0" encoding="UTF-8"?>
<!-- Generated by org.testng.reporters.JUnitReportReporter -->
<testsuite skipped="0" hostname="TYSS-MF-034" name="com.techmahindra.nad.api.tests.JiraAPITestSuite" tests="20" failures="0" timestamp="02 Jan 2018 07:34:04 GMT" time="47.890" errors="0">
  <testcase name="createIssue" time="3.436" classname="com.techmahindra.nad.api.tests.JiraAPITestSuite"/>
  <testcase name="createSubTask" time="0.773" classname="com.techmahindra.nad.api.tests.JiraAPITestSuite"/>
  <testcase name="changeIssueStatus" time="0.694" classname="com.techmahindra.nad.api.tests.JiraAPITestSuite"/>
  <testcase name="validateConfig" time="0.524" classname="com.techmahindra.nad.api.tests.JiraAPITestSuite"/>
  <testcase name="getAllIssueTypes" time="0.267" classname="com.techmahindra.nad.api.tests.JiraAPITestSuite"/>
  <testcase name="getAllProjectList" time="0.299" classname="com.techmahindra.nad.api.tests.JiraAPITestSuite"/>
  <testcase name="createNewProject" time="0.266" classname="com.techmahindra.nad.api.tests.JiraAPITestSuite"/>
  <testcase name="getAllProjectBoards" time="0.298" classname="com.techmahindra.nad.api.tests.JiraAPITestSuite"/>
  <testcase name="getAllPossibleIssueTransitions" time="0.246" classname="com.techmahindra.nad.api.tests.JiraAPITestSuite"/>
  <testcase name="getAllIssuesForTheProj" time="0.318" classname="com.techmahindra.nad.api.tests.JiraAPITestSuite"/>
  <testcase name="updateIssue" time="0.446" classname="com.techmahindra.nad.api.tests.JiraAPITestSuite"/>
  <testcase name="getIssueInfo" time="0.482" classname="com.techmahindra.nad.api.tests.JiraAPITestSuite"/>
  <testcase name="getUserInfo" time="0.316" classname="com.techmahindra.nad.api.tests.JiraAPITestSuite"/>
  <testcase name="getUserList" time="37.698" classname="com.techmahindra.nad.api.tests.JiraAPITestSuite"/>
  <testcase name="getAllCommentsOfIssue" time="0.223" classname="com.techmahindra.nad.api.tests.JiraAPITestSuite"/>
  <testcase name="assignUserToIssue" time="0.361" classname="com.techmahindra.nad.api.tests.JiraAPITestSuite"/>
  <testcase name="commentOnIssue" time="0.524" classname="com.techmahindra.nad.api.tests.JiraAPITestSuite"/>
  <testcase name="getAllPossibleTransitionsOfIssue" time="0.301" classname="com.techmahindra.nad.api.tests.JiraAPITestSuite"/>
  <testcase name="getAllWorkLogsForTheIssue" time="0.202" classname="com.techmahindra.nad.api.tests.JiraAPITestSuite"/>
  <testcase name="getEditableIssueMetaData" time="0.216" classname="com.techmahindra.nad.api.tests.JiraAPITestSuite"/>
</testsuite> <!-- com.techmahindra.nad.api.tests.JiraAPITestSuite -->
