<?xml version="1.0" encoding="UTF-8"?>
<!-- Generated by org.testng.reporters.JUnitReportReporter -->
<testsuite skipped="0" hostname="TYSS-MF-034" name="com.techmahindra.nad.sync_project.SyncProject_Marshalling" tests="1" failures="0" timestamp="29 Dec 2017 10:05:18 GMT" time="0.577" errors="0">
  <testcase name="main" time="0.577" classname="com.techmahindra.nad.sync_project.SyncProject_Marshalling"/>
</testsuite> <!-- com.techmahindra.nad.sync_project.SyncProject_Marshalling -->
