<?xml version="1.0" encoding="UTF-8"?>
<!-- Generated by org.testng.reporters.JUnitReportReporter -->
<testsuite skipped="8" hostname="TYSS-MF-034" name="com.techmahindra.nad.api.tests.GitLabAPITestSuite" tests="9" failures="0" timestamp="02 Jan 2018 14:15:41 GMT" time="2.945" errors="0">
  <testcase name="validation" time="2.945" classname="com.techmahindra.nad.api.tests.GitLabAPITestSuite"/>
  <testcase name="listUsers" classname="com.techmahindra.nad.api.tests.GitLabAPITestSuite">
    <skipped/>
  </testcase> <!-- listUsers -->
  <testcase name="addMemberToProject" classname="com.techmahindra.nad.api.tests.GitLabAPITestSuite">
    <skipped/>
  </testcase> <!-- addMemberToProject -->
  <testcase name="listRepositoryBranches" classname="com.techmahindra.nad.api.tests.GitLabAPITestSuite">
    <skipped/>
  </testcase> <!-- listRepositoryBranches -->
  <testcase name="listBranch" classname="com.techmahindra.nad.api.tests.GitLabAPITestSuite">
    <skipped/>
  </testcase> <!-- listBranch -->
  <testcase name="editMemberToProject" classname="com.techmahindra.nad.api.tests.GitLabAPITestSuite">
    <skipped/>
  </testcase> <!-- editMemberToProject -->
  <testcase name="listAllProjects" classname="com.techmahindra.nad.api.tests.GitLabAPITestSuite">
    <skipped/>
  </testcase> <!-- listAllProjects -->
  <testcase name="listMergeRequest" classname="com.techmahindra.nad.api.tests.GitLabAPITestSuite">
    <skipped/>
  </testcase> <!-- listMergeRequest -->
  <testcase name="listAllMembersOfProjects" classname="com.techmahindra.nad.api.tests.GitLabAPITestSuite">
    <skipped/>
  </testcase> <!-- listAllMembersOfProjects -->
</testsuite> <!-- com.techmahindra.nad.api.tests.GitLabAPITestSuite -->
